0 info it worked if it ends with ok
1 verbose cli [ '/usr/share/atom/resources/app/apm/bin/node',
1 verbose cli   '/usr/share/atom/resources/app/apm/node_modules/npm/bin/npm-cli.js',
1 verbose cli   '--globalconfig',
1 verbose cli   '/home/moar/.atom/.apm/.apmrc',
1 verbose cli   '--userconfig',
1 verbose cli   '/home/moar/.atom/.apmrc',
1 verbose cli   'install',
1 verbose cli   '--runtime=electron',
1 verbose cli   '--target=1.6.9',
1 verbose cli   '--arch=x64' ]
2 info using npm@3.10.10
3 info using node@v6.9.5
4 silly loadCurrentTree Starting
5 silly install loadCurrentTree
6 silly install readLocalPackageData
7 silly install normalizeTree
8 silly loadCurrentTree Finishing
9 silly loadIdealTree Starting
10 silly install loadIdealTree
11 silly cloneCurrentTree Starting
12 silly install cloneCurrentTreeToIdealTree
13 silly cloneCurrentTree Finishing
14 silly loadShrinkwrap Starting
15 silly install loadShrinkwrap
16 silly loadShrinkwrap Finishing
17 silly loadAllDepsIntoIdealTree Starting
18 silly install loadAllDepsIntoIdealTree
19 silly loadAllDepsIntoIdealTree Finishing
20 silly loadIdealTree Finishing
21 silly currentTree Popcorn-Time@0.3.10
21 silly currentTree ├── abbrev@1.0.9
21 silly currentTree ├── acorn@1.2.2
21 silly currentTree ├── add-line-numbers@1.0.1
21 silly currentTree ├── addr-to-ip-port@1.4.2
21 silly currentTree ├── adm-zip@0.4.7
21 silly currentTree ├── airplay-js@0.2.16
21 silly currentTree ├── airplay-protocol@2.0.2
21 silly currentTree ├── airplayer@2.0.0
21 silly currentTree ├── align-text@0.1.4
21 silly currentTree ├─┬ ambi@2.5.0
21 silly currentTree │ └── typechecker@4.3.0
21 silly currentTree ├── amdefine@1.0.0
21 silly currentTree ├── ansi-regex@2.0.0
21 silly currentTree ├── ansi-styles@2.2.1
21 silly currentTree ├── appendable-cli-menu@2.0.0
21 silly currentTree ├── argparse@1.0.9
21 silly currentTree ├── array-find-index@1.0.2
21 silly currentTree ├── array-flatten@2.1.0
21 silly currentTree ├── asap@2.0.5
21 silly currentTree ├── ascli@0.3.0
21 silly currentTree ├── asn1@0.2.3
21 silly currentTree ├── assert-plus@0.2.0
21 silly currentTree ├── ast-types@0.8.15
21 silly currentTree ├─┬ async@2.1.2
21 silly currentTree │ └── lodash@4.16.6
21 silly currentTree ├── asynckit@0.4.0
21 silly currentTree ├── atob-lite@1.0.0
21 silly currentTree ├── aws-sign@0.2.0
21 silly currentTree ├── aws-sign2@0.6.0
21 silly currentTree ├── aws4@1.5.0
21 silly currentTree ├── axios@0.11.1
21 silly currentTree ├── balanced-match@0.4.2
21 silly currentTree ├── base62@0.1.1
21 silly currentTree ├── base64-js@0.0.8
21 silly currentTree ├── bcrypt-pbkdf@1.0.0
21 silly currentTree ├── bencode@0.10.0
21 silly currentTree ├── better-curry@1.6.0
21 silly currentTree ├── big-integer@1.6.16
21 silly currentTree ├─┬ big-rat@1.0.4
21 silly currentTree │ └── bn.js@4.11.8
21 silly currentTree ├── binary-search-bounds@2.0.3
21 silly currentTree ├─┬ binary-search-tree@0.2.5
21 silly currentTree │ └── underscore@1.4.4
21 silly currentTree ├── bit-twiddle@1.0.2
21 silly currentTree ├── bitfield@0.1.0
21 silly currentTree ├─┬ bittorrent-dht@6.4.2
21 silly currentTree │ └── bencode@0.7.0
21 silly currentTree ├─┬ bittorrent-tracker@2.12.1
21 silly currentTree │ ├── bencode@0.6.0
21 silly currentTree │ ├── ip@0.3.3
21 silly currentTree │ ├── simple-get@1.4.3
21 silly currentTree │ └── unzip-response@1.0.2
21 silly currentTree ├── bl@1.1.2
21 silly currentTree ├── blob-to-buffer@1.2.6
21 silly currentTree ├── block-stream@0.0.9
21 silly currentTree ├── bluebird@3.4.6
21 silly currentTree ├── bn.js@1.3.0
21 silly currentTree ├── bncode@0.5.3
21 silly currentTree ├── bonjour@3.5.0
21 silly currentTree ├── boolbase@1.0.0
21 silly currentTree ├── boom@2.10.1
21 silly currentTree ├── box-intersect@1.0.1
21 silly currentTree ├── bplist-creator@0.0.6
21 silly currentTree ├── bplist-parser@0.1.1
21 silly currentTree ├── brace-expansion@1.1.6
21 silly currentTree ├── buffer-equal@0.0.1
21 silly currentTree ├── buffer-equals@1.0.4
21 silly currentTree ├── buffer-indexof@1.1.0
21 silly currentTree ├── bufferview@1.0.1
21 silly currentTree ├── builtin-modules@1.1.1
21 silly currentTree ├─┬ butter-provider-anime@1.0.0
21 silly currentTree │ ├─┬ butter-provider@0.3.1
21 silly currentTree │ │ └── lodash@3.10.1
21 silly currentTree │ ├── lodash@4.16.6
21 silly currentTree │ ├── memoizee@0.3.10
21 silly currentTree │ └── q@1.4.1
21 silly currentTree ├─┬ butter-provider-movies@1.0.2
21 silly currentTree │ ├─┬ butter-provider@0.3.1
21 silly currentTree │ │ └── lodash@3.10.1
21 silly currentTree │ ├── lodash@4.16.6
21 silly currentTree │ ├── memoizee@0.3.10
21 silly currentTree │ └── q@1.4.1
21 silly currentTree ├─┬ butter-provider-tvapi@0.1.0
21 silly currentTree │ ├── butter-provider@0.3.1
21 silly currentTree │ ├── memoizee@0.3.10
21 silly currentTree │ └── q@1.4.1
21 silly currentTree ├─┬ butter-provider-vodo@0.2.1
21 silly currentTree │ └── q@1.4.1
21 silly currentTree ├─┬ butter-provider@0.4.0
21 silly currentTree │ └── memoizee@0.3.10
21 silly currentTree ├── butter-sanitize@0.1.1
21 silly currentTree ├── butter-settings-popcorntime.io@0.0.1
21 silly currentTree ├── bytebuffer@3.5.5
21 silly currentTree ├── camelcase-keys@2.1.0
21 silly currentTree ├── camelcase@2.1.1
21 silly currentTree ├── capture-stack-trace@1.0.0
21 silly currentTree ├── caseless@0.11.0
21 silly currentTree ├── castv2-client@1.1.2
21 silly currentTree ├── castv2@0.1.9
21 silly currentTree ├── cdt2d@1.0.0
21 silly currentTree ├── center-align@0.1.3
21 silly currentTree ├── chalk@1.1.3
21 silly currentTree ├── cheerio@0.22.0
21 silly currentTree ├── chromecasts@1.9.0
21 silly currentTree ├── clean-pslg@1.1.2
21 silly currentTree ├── cli-width@1.1.1
21 silly currentTree ├─┬ cliui@2.1.0
21 silly currentTree │ └── wordwrap@0.0.2
21 silly currentTree ├── clivas@0.1.4
21 silly currentTree ├── code-point-at@1.0.1
21 silly currentTree ├── colors@0.6.2
21 silly currentTree ├── colour@0.7.1
21 silly currentTree ├── combined-stream@1.0.5
21 silly currentTree ├── commander@2.9.0
21 silly currentTree ├── compact2string@1.4.0
21 silly currentTree ├── compare-angle@1.0.1
21 silly currentTree ├── concat-map@0.0.1
21 silly currentTree ├── concat-stream@1.5.2
21 silly currentTree ├── consume-http-header@1.0.0
21 silly currentTree ├── consume-until@1.0.0
21 silly currentTree ├── cookie-jar@0.2.0
21 silly currentTree ├── core-util-is@1.0.2
21 silly currentTree ├── create-error-class@3.0.2
21 silly currentTree ├── cryptiles@2.0.5
21 silly currentTree ├── csextends@1.0.3
21 silly currentTree ├── css-select@1.2.0
21 silly currentTree ├── css-what@2.1.0
21 silly currentTree ├── currently-unhandled@0.4.1
21 silly currentTree ├── cwise-compiler@1.1.3
21 silly currentTree ├─┬ cwise-parser@1.0.3
21 silly currentTree │ └── esprima@1.2.5
21 silly currentTree ├── cwise@1.0.10
21 silly currentTree ├── cyclist@0.1.1
21 silly currentTree ├── d@0.1.1
21 silly currentTree ├─┬ dashdash@1.14.0
21 silly currentTree │ └── assert-plus@1.0.0
21 silly currentTree ├── debug@2.2.0
21 silly currentTree ├── decamelize@1.2.0
21 silly currentTree ├── deep-equal@1.0.1
21 silly currentTree ├── deep-extend@0.2.11
21 silly currentTree ├── defer-request@0.0.2
21 silly currentTree ├── define-properties@1.1.2
21 silly currentTree ├── defined@1.0.0
21 silly currentTree ├── delayed-stream@1.0.0
21 silly currentTree ├── depd@1.1.0
21 silly currentTree ├── destroy@1.0.4
21 silly currentTree ├── dlnacasts@0.1.0
21 silly currentTree ├── dns-equal@1.0.0
21 silly currentTree ├── dns-packet@1.1.0
21 silly currentTree ├── dns-txt@2.0.2
21 silly currentTree ├─┬ dom-serializer@0.1.0
21 silly currentTree │ └── domelementtype@1.1.3
21 silly currentTree ├── domelementtype@1.3.0
21 silly currentTree ├── domhandler@2.3.0
21 silly currentTree ├── domutils@1.5.1
21 silly currentTree ├── double-bits@1.1.1
21 silly currentTree ├── dup@1.0.0
21 silly currentTree ├── duplexer2@0.1.4
21 silly currentTree ├── eachr@2.0.4
21 silly currentTree ├── ecc-jsbn@0.1.1
21 silly currentTree ├── edges-to-adjacency-list@1.0.0
21 silly currentTree ├── editions@1.3.1
21 silly currentTree ├── ee-first@1.1.1
21 silly currentTree ├─┬ elementtree@0.1.6
21 silly currentTree │ └── sax@0.3.5
21 silly currentTree ├── encodeurl@1.0.1
21 silly currentTree ├─┬ end-of-stream@1.0.0
21 silly currentTree │ └── once@1.3.3
21 silly currentTree ├── entities@1.1.1
21 silly currentTree ├── error-ex@1.3.0
21 silly currentTree ├── es-abstract@1.6.1
21 silly currentTree ├── es-to-primitive@1.1.1
21 silly currentTree ├── es3ify@0.1.4
21 silly currentTree ├── es5-ext@0.10.12
21 silly currentTree ├── es5class@2.3.1
21 silly currentTree ├── es6-iterator@2.0.0
21 silly currentTree ├── es6-object-assign@1.0.3
21 silly currentTree ├── es6-symbol@3.1.0
21 silly currentTree ├─┬ es6-weak-map@0.1.4
21 silly currentTree │ ├── es6-iterator@0.1.3
21 silly currentTree │ └── es6-symbol@2.0.1
21 silly currentTree ├── escape-html@1.0.3
21 silly currentTree ├── escape-string-regexp@1.0.5
21 silly currentTree ├─┬ escodegen@1.3.3
21 silly currentTree │ ├── esprima@1.1.1
21 silly currentTree │ └── source-map@0.1.43
21 silly currentTree ├── esmangle-evaluator@1.0.1
21 silly currentTree ├── esprima-fb@3001.1.0-dev-harmony-fb
21 silly currentTree ├── estraverse@1.5.1
21 silly currentTree ├── esutils@1.0.0
21 silly currentTree ├── etag@1.7.0
21 silly currentTree ├── event-emitter@0.3.4
21 silly currentTree ├── eventemitter3@1.2.0
21 silly currentTree ├── events@1.1.1
21 silly currentTree ├── extend.js@0.0.2
21 silly currentTree ├── extend@3.0.0
21 silly currentTree ├─┬ extendr@2.1.0
21 silly currentTree │ └── typechecker@2.0.8
21 silly currentTree ├─┬ extract-opts@2.2.0
21 silly currentTree │ └── typechecker@2.0.8
21 silly currentTree ├── extsprintf@1.0.2
21 silly currentTree ├─┬ falafel@1.2.0
21 silly currentTree │ └── isarray@0.0.1
21 silly currentTree ├── faye-websocket@0.11.0
21 silly currentTree ├── fifo@0.1.4
21 silly currentTree ├── figures@1.7.0
21 silly currentTree ├── find-up@1.1.2
21 silly currentTree ├─┬ findup@0.1.5
21 silly currentTree │ └── commander@2.1.0
21 silly currentTree ├── flatten@0.0.1
21 silly currentTree ├── follow-redirects@0.0.7
21 silly currentTree ├── foreach@2.0.5
21 silly currentTree ├── forever-agent@0.6.1
21 silly currentTree ├── form-data@2.1.1
21 silly currentTree ├── fresh@0.3.0
21 silly currentTree ├─┬ fs-chunk-store@1.6.4
21 silly currentTree │ ├── random-access-file@1.3.1
21 silly currentTree │ └── thunky@1.0.1
21 silly currentTree ├── fs.realpath@1.0.0
21 silly currentTree ├── fstream@1.0.10
21 silly currentTree ├── function-bind@1.1.0
21 silly currentTree ├── functional-red-black-tree@1.0.1
21 silly currentTree ├── gamma@0.1.0
21 silly currentTree ├── generate-function@2.0.0
21 silly currentTree ├── generate-object-property@1.2.0
21 silly currentTree ├── get-stdin@4.0.1
21 silly currentTree ├─┬ getpass@0.1.6
21 silly currentTree │ └── assert-plus@1.0.0
21 silly currentTree ├── gitlab@1.4.1
21 silly currentTree ├── gl-buffer@2.1.2
21 silly currentTree ├── gl-constants@1.0.0
21 silly currentTree ├── gl-fbo@2.0.5
21 silly currentTree ├── gl-format-compiler-error@1.0.3
21 silly currentTree ├── gl-plot2d@1.2.0
21 silly currentTree ├── gl-select-static@2.0.2
21 silly currentTree ├── gl-shader@4.2.1
21 silly currentTree ├── gl-texture2d@2.1.0
21 silly currentTree ├── glob@7.1.1
21 silly currentTree ├── glsl-inject-defines@1.0.3
21 silly currentTree ├── glsl-inverse@1.0.0
21 silly currentTree ├─┬ glsl-resolve@0.0.1
21 silly currentTree │ ├── resolve@0.6.3
21 silly currentTree │ └── xtend@2.2.0
21 silly currentTree ├── glsl-shader-name@1.0.0
21 silly currentTree ├── glsl-token-assignments@2.0.2
21 silly currentTree ├── glsl-token-defines@1.0.0
21 silly currentTree ├── glsl-token-depth@1.1.2
21 silly currentTree ├── glsl-token-descope@1.0.2
21 silly currentTree ├── glsl-token-inject-block@1.1.0
21 silly currentTree ├── glsl-token-properties@1.0.1
21 silly currentTree ├── glsl-token-scope@1.1.2
21 silly currentTree ├── glsl-token-string@1.0.1
21 silly currentTree ├── glsl-tokenizer@2.1.2
21 silly currentTree ├── glslify-bundle@2.0.4
21 silly currentTree ├── glslify-deps@1.3.0
21 silly currentTree ├─┬ glslify@2.3.1
21 silly currentTree │ ├── bl@0.9.5
21 silly currentTree │ ├── isarray@0.0.1
21 silly currentTree │ └── readable-stream@1.0.34
21 silly currentTree ├─┬ got@5.7.0
21 silly currentTree │ └── unzip-response@1.0.2
21 silly currentTree ├── graceful-fs@4.1.9
21 silly currentTree ├── graceful-readlink@1.0.1
21 silly currentTree ├── har-validator@2.0.6
21 silly currentTree ├── has-ansi@2.0.0
21 silly currentTree ├── has@1.0.1
21 silly currentTree ├── hat@0.0.3
21 silly currentTree ├── hawk@3.1.3
21 silly currentTree ├── hoek@2.16.3
21 silly currentTree ├── hosted-git-info@2.1.5
21 silly currentTree ├── htmlparser2@3.9.2
21 silly currentTree ├─┬ http-errors@1.5.0
21 silly currentTree │ └── inherits@2.0.1
21 silly currentTree ├── http-headers@3.0.1
21 silly currentTree ├── http-signature@1.1.1
21 silly currentTree ├── i18n@0.8.3
21 silly currentTree ├── iconv-lite@0.4.13
21 silly currentTree ├── ignorefs@1.1.1
21 silly currentTree ├── ignorepatterns@1.1.0
21 silly currentTree ├── immediate-chunk-store@1.0.8
21 silly currentTree ├── immediate@3.0.6
21 silly currentTree ├── indent-string@2.1.0
21 silly currentTree ├── inflight@1.0.6
21 silly currentTree ├── inherits@2.0.3
21 silly currentTree ├── ini@1.1.0
21 silly currentTree ├── inline-process-browser@1.0.0
21 silly currentTree ├─┬ inquirer@0.8.5
21 silly currentTree │ └── ansi-regex@1.1.1
21 silly currentTree ├── internal-ip@1.2.0
21 silly currentTree ├─┬ interval-tree-1d@1.0.3
21 silly currentTree │ └── binary-search-bounds@1.0.0
21 silly currentTree ├── invert-permutation@1.0.0
21 silly currentTree ├── iota-array@1.0.0
21 silly currentTree ├── ip-set@1.0.1
21 silly currentTree ├── ip@1.1.4
21 silly currentTree ├── ipaddr.js@1.2.0
21 silly currentTree ├── is-arrayish@0.2.1
21 silly currentTree ├── is-buffer@1.1.6
21 silly currentTree ├── is-builtin-module@1.0.0
21 silly currentTree ├── is-callable@1.1.3
21 silly currentTree ├── is-date-object@1.0.1
21 silly currentTree ├── is-finite@1.0.2
21 silly currentTree ├── is-fullwidth-code-point@1.0.0
21 silly currentTree ├── is-my-json-valid@2.15.0
21 silly currentTree ├── is-promise@2.1.0
21 silly currentTree ├── is-property@1.0.2
21 silly currentTree ├── is-redirect@1.0.0
21 silly currentTree ├── is-regex@1.0.3
21 silly currentTree ├── is-retry-allowed@1.1.0
21 silly currentTree ├── is-stream@1.1.0
21 silly currentTree ├── is-symbol@1.0.1
21 silly currentTree ├── is-typedarray@1.0.0
21 silly currentTree ├── is-utf8@0.2.1
21 silly currentTree ├── isarray@1.0.0
21 silly currentTree ├── isstream@0.1.2
21 silly currentTree ├── jodid25519@1.0.2
21 silly currentTree ├── jsbn@0.1.0
21 silly currentTree ├── jschardet@1.4.1
21 silly currentTree ├── json-rpc2@1.0.2
21 silly currentTree ├── json-schema@0.2.3
21 silly currentTree ├── json-stringify-safe@5.0.1
21 silly currentTree ├── jsonparse@1.2.0
21 silly currentTree ├── jsonpointer@4.0.0
21 silly currentTree ├── jsprim@1.3.1
21 silly currentTree ├── jstransform@3.0.0
21 silly currentTree ├── jszip@2.6.0
21 silly currentTree ├── k-bucket@0.6.0
21 silly currentTree ├── k-rpc-socket@1.6.0
21 silly currentTree ├─┬ k-rpc@3.7.0
21 silly currentTree │ └── k-bucket@2.0.1
21 silly currentTree ├── kat-api@0.0.3
21 silly currentTree ├── keypress@0.2.1
21 silly currentTree ├── kind-of@3.2.2
21 silly currentTree ├── lazy-cache@1.0.4
21 silly currentTree ├── lie@3.0.2
21 silly currentTree ├── load-json-file@1.1.0
21 silly currentTree ├── localforage@1.4.3
21 silly currentTree ├── lodash._getnative@3.9.1
21 silly currentTree ├── lodash.assignin@4.2.0
21 silly currentTree ├── lodash.bind@4.2.1
21 silly currentTree ├── lodash.debounce@3.1.1
21 silly currentTree ├── lodash.defaults@4.2.0
21 silly currentTree ├── lodash.filter@4.6.0
21 silly currentTree ├── lodash.flatten@4.4.0
21 silly currentTree ├── lodash.foreach@4.5.0
21 silly currentTree ├── lodash.map@4.6.0
21 silly currentTree ├── lodash.merge@4.6.0
21 silly currentTree ├── lodash.pick@4.4.0
21 silly currentTree ├── lodash.reduce@4.6.0
21 silly currentTree ├── lodash.reject@4.6.0
21 silly currentTree ├── lodash.some@4.6.0
21 silly currentTree ├── lodash@3.10.1
21 silly currentTree ├── long@2.4.0
21 silly currentTree ├── longest@1.0.1
21 silly currentTree ├── loud-rejection@1.6.0
21 silly currentTree ├── lowercase-keys@1.0.0
21 silly currentTree ├── lru-queue@0.1.0
21 silly currentTree ├── lru@2.0.1
21 silly currentTree ├── macos-release@1.0.0
21 silly currentTree ├── magnet-uri@5.1.4
21 silly currentTree ├── make-plural@3.0.6
21 silly currentTree ├─┬ map-limit@0.0.1
21 silly currentTree │ └── once@1.3.3
21 silly currentTree ├── map-obj@1.0.1
21 silly currentTree ├─┬ markdown@0.5.0
21 silly currentTree │ └── nopt@2.1.2
21 silly currentTree ├── math-interval-parser@1.1.0
21 silly currentTree ├── mdns-js-packet@0.2.0
21 silly currentTree ├─┬ mdns-js@0.5.0
21 silly currentTree │ └── semver@5.1.1
21 silly currentTree ├─┬ memoizee@0.4.1
21 silly currentTree │ ├── d@1.0.0
21 silly currentTree │ ├─┬ es6-weak-map@2.0.1
21 silly currentTree │ │ └── d@0.1.1
21 silly currentTree │ └── next-tick@1.0.0
21 silly currentTree ├── meow@3.7.0
21 silly currentTree ├─┬ messageformat@0.3.1
21 silly currentTree │ ├── async@1.5.2
21 silly currentTree │ └── glob@6.0.4
21 silly currentTree ├── mime-db@1.24.0
21 silly currentTree ├── mime-types@2.1.12
21 silly currentTree ├── mime@1.3.4
21 silly currentTree ├── minimatch@3.0.3
21 silly currentTree ├── minimist@1.2.0
21 silly currentTree ├─┬ mkdirp@0.5.1
21 silly currentTree │ └── minimist@0.0.8
21 silly currentTree ├── moment@2.15.2
21 silly currentTree ├── ms@0.7.1
21 silly currentTree ├── multicast-dns-service-types@1.1.0
21 silly currentTree ├── multicast-dns@6.1.0
21 silly currentTree ├── mustache@2.2.1
21 silly currentTree ├── mute-stream@0.0.4
21 silly currentTree ├─┬ mv@2.1.1
21 silly currentTree │ ├── glob@6.0.4
21 silly currentTree │ └── rimraf@2.4.5
21 silly currentTree ├── ncp@2.0.0
21 silly currentTree ├── ndarray-extract-contour@1.0.1
21 silly currentTree ├── ndarray-ops@1.2.2
21 silly currentTree ├── ndarray@1.0.18
21 silly currentTree ├─┬ nedb@1.8.0
21 silly currentTree │ ├── async@0.2.10
21 silly currentTree │ └── underscore@1.4.4
21 silly currentTree ├── network-address@1.1.0
21 silly currentTree ├── next-line@1.1.0
21 silly currentTree ├── next-tick@0.2.2
21 silly currentTree ├── nextafter@1.0.0
21 silly currentTree ├── node-captions@0.4.6
21 silly currentTree ├── node-ssdp@2.9.0
21 silly currentTree ├── node-status-codes@1.0.0
21 silly currentTree ├─┬ node-tvdb@1.6.7
21 silly currentTree │ ├── form-data@1.0.1
21 silly currentTree │ ├── qs@6.1.0
21 silly currentTree │ ├── request@2.71.0
21 silly currentTree │ └── tough-cookie@2.2.2
21 silly currentTree ├── node-uuid@1.4.7
21 silly currentTree ├── node-webkit-fdialogs@0.2.7
21 silly currentTree ├── nopt@3.0.6
21 silly currentTree ├── normalize-package-data@2.3.5
21 silly currentTree ├── nth-check@1.0.1
21 silly currentTree ├── number-is-nan@1.0.1
21 silly currentTree ├── numeral@1.5.3
21 silly currentTree ├── oauth-sign@0.8.2
21 silly currentTree ├── object-assign@4.1.0
21 silly currentTree ├── object-inspect@1.2.1
21 silly currentTree ├── object-keys@1.0.11
21 silly currentTree ├── on-finished@2.3.0
21 silly currentTree ├── once@1.4.0
21 silly currentTree ├── open@0.0.5
21 silly currentTree ├─┬ opensubtitles-api@3.3.0
21 silly currentTree │ └── lodash@4.16.6
21 silly currentTree ├─┬ optimist@0.6.1
21 silly currentTree │ └── minimist@0.0.10
21 silly currentTree ├── optjs@3.2.2
21 silly currentTree ├── os-name@2.0.1
21 silly currentTree ├── os-tmpdir@1.0.2
21 silly currentTree ├── pad-left@1.0.2
21 silly currentTree ├── pako@1.0.3
21 silly currentTree ├── parse-json@2.2.0
21 silly currentTree ├── parse-torrent-file@4.0.0
21 silly currentTree ├─┬ parse-torrent@5.8.1
21 silly currentTree │ └── get-stdin@5.0.1
21 silly currentTree ├── path-exists@2.1.0
21 silly currentTree ├── path-is-absolute@1.0.1
21 silly currentTree ├── path-type@1.1.0
21 silly currentTree ├─┬ peer-wire-protocol@0.7.0
21 silly currentTree │ ├── bncode@0.2.3
21 silly currentTree │ ├── isarray@0.0.1
21 silly currentTree │ └── readable-stream@1.1.14
21 silly currentTree ├── peer-wire-swarm@0.12.1
21 silly currentTree ├─┬ peerflix@0.32.4
21 silly currentTree │ └── network-address@0.0.5
21 silly currentTree ├── permutation-parity@1.0.0
21 silly currentTree ├── permutation-rank@1.0.0
21 silly currentTree ├── pify@2.3.0
21 silly currentTree ├── pinkie-promise@2.0.1
21 silly currentTree ├── pinkie@2.0.4
21 silly currentTree ├── planar-dual@1.0.2
21 silly currentTree ├── planar-graph-to-polyline@1.0.5
21 silly currentTree ├── plist@1.2.0
21 silly currentTree ├── plotly@1.0.6
21 silly currentTree ├─┬ point-in-big-polygon@2.0.0
21 silly currentTree │ └── binary-search-bounds@1.0.0
21 silly currentTree ├── pop-iterate@1.0.1
21 silly currentTree ├─┬ popcorn-txt-api@0.0.5
21 silly currentTree │ └── q@1.4.1
21 silly currentTree ├─┬ portfinder@0.3.0
21 silly currentTree │ └── mkdirp@0.0.7
21 silly currentTree ├── prepend-http@1.0.4
21 silly currentTree ├── private@0.1.6
21 silly currentTree ├── process-nextick-args@1.0.7
21 silly currentTree ├── protobufjs@3.8.2
21 silly currentTree ├─┬ pump@0.3.5
21 silly currentTree │ └── once@1.2.0
21 silly currentTree ├── punycode@1.4.1
21 silly currentTree ├── q@2.0.3
21 silly currentTree ├── qap@3.1.3
21 silly currentTree ├── qs@6.3.0
21 silly currentTree ├── querystring@0.2.0
21 silly currentTree ├─┬ quote-stream@0.0.0
21 silly currentTree │ ├── isarray@0.0.1
21 silly currentTree │ ├── minimist@0.0.8
21 silly currentTree │ ├── object-keys@0.4.0
21 silly currentTree │ ├── readable-stream@1.0.34
21 silly currentTree │ ├── through2@0.4.2
21 silly currentTree │ └── xtend@2.1.2
21 silly currentTree ├── random-access-file@0.3.2
21 silly currentTree ├── randombytes@2.0.3
21 silly currentTree ├── range-parser@1.2.0
21 silly currentTree ├── rarbg-api@0.0.1
21 silly currentTree ├── rat-vec@1.1.1
21 silly currentTree ├─┬ rc@0.4.0
21 silly currentTree │ └── minimist@0.0.10
21 silly currentTree ├── read-all-stream@3.1.0
21 silly currentTree ├── read-pkg-up@1.0.1
21 silly currentTree ├── read-pkg@1.1.0
21 silly currentTree ├─┬ read-torrent@1.3.0
21 silly currentTree │ ├── async@0.2.10
21 silly currentTree │ ├── bencode@0.7.0
21 silly currentTree │ ├── boom@0.3.8
21 silly currentTree │ ├── combined-stream@0.0.7
21 silly currentTree │ ├── cryptiles@0.1.3
21 silly currentTree │ ├── delayed-stream@0.0.5
21 silly currentTree │ ├── forever-agent@0.2.0
21 silly currentTree │ ├── form-data@0.0.10
21 silly currentTree │ ├── hawk@0.10.2
21 silly currentTree │ ├── hoek@0.7.6
21 silly currentTree │ ├── json-stringify-safe@3.0.0
21 silly currentTree │ ├── magnet-uri@2.0.1
21 silly currentTree │ ├── mime@1.2.11
21 silly currentTree │ ├── oauth-sign@0.2.0
21 silly currentTree │ ├── parse-torrent-file@2.1.4
21 silly currentTree │ ├─┬ parse-torrent@4.1.0
21 silly currentTree │ │ └── magnet-uri@4.2.3
21 silly currentTree │ ├── qs@0.5.6
21 silly currentTree │ ├── request@2.16.6
21 silly currentTree │ ├── sntp@0.1.4
21 silly currentTree │ ├── thirty-two@0.0.2
21 silly currentTree │ └── tunnel-agent@0.2.0
21 silly currentTree ├── readable-stream@2.0.6
21 silly currentTree ├── readdirp@2.1.0
21 silly currentTree ├─┬ readline2@0.1.1
21 silly currentTree │ ├── ansi-regex@1.1.1
21 silly currentTree │ └── strip-ansi@2.0.1
21 silly currentTree ├─┬ recast@0.10.43
21 silly currentTree │ ├── esprima-fb@15001.1001.0-dev-harmony-fb
21 silly currentTree │ └── source-map@0.5.6
21 silly currentTree ├── redent@1.0.0
21 silly currentTree ├── repeat-string@1.6.1
21 silly currentTree ├── repeating@2.0.1
21 silly currentTree ├── request@2.76.0
21 silly currentTree ├── resolve@1.1.7
21 silly currentTree ├── resumer@0.0.0
21 silly currentTree ├── reverse-http@1.2.0
21 silly currentTree ├── right-align@0.1.3
21 silly currentTree ├── rimraf@2.5.4
21 silly currentTree ├── robust-in-sphere@1.1.3
21 silly currentTree ├── robust-orientation@1.1.3
21 silly currentTree ├── robust-product@1.0.0
21 silly currentTree ├── robust-scale@1.0.2
21 silly currentTree ├── robust-segment-intersect@1.0.1
21 silly currentTree ├── robust-subtract@1.0.0
21 silly currentTree ├── robust-sum@1.0.0
21 silly currentTree ├── run-parallel@1.1.6
21 silly currentTree ├── run-series@1.1.4
21 silly currentTree ├── rusha@0.8.4
21 silly currentTree ├── rx@2.5.3
21 silly currentTree ├── safe-buffer@5.1.1
21 silly currentTree ├── safefs@3.2.2
21 silly currentTree ├── sanitizer@0.1.3
21 silly currentTree ├── sax@1.2.1
21 silly currentTree ├── scandirectory@2.5.0
21 silly currentTree ├── semver@5.3.0
21 silly currentTree ├── send@0.14.1
21 silly currentTree ├── server-destroy@1.0.1
21 silly currentTree ├── set-immediate-shim@1.0.1
21 silly currentTree ├── setprototypeof@1.0.1
21 silly currentTree ├── shallow-copy@0.0.1
21 silly currentTree ├── signal-exit@3.0.1
21 silly currentTree ├── signum@0.0.0
21 silly currentTree ├── simple-concat@1.0.0
21 silly currentTree ├── simple-get@2.3.0
21 silly currentTree ├── simple-sha1@2.0.8
21 silly currentTree ├─┬ simplicial-complex@0.3.3
21 silly currentTree │ ├── bit-twiddle@0.0.2
21 silly currentTree │ └── union-find@0.0.4
21 silly currentTree ├── simplify-planar-graph@2.0.1
21 silly currentTree ├── single-line-log@1.1.2
21 silly currentTree ├─┬ slab-decomposition@1.0.2
21 silly currentTree │ └── binary-search-bounds@1.0.0
21 silly currentTree ├── slumber@0.10.1
21 silly currentTree ├── sntp@1.0.9
21 silly currentTree ├── source-map@0.1.31
21 silly currentTree ├── spdx-correct@1.0.2
21 silly currentTree ├── spdx-expression-parse@1.0.4
21 silly currentTree ├── spdx-license-ids@1.2.2
21 silly currentTree ├── speedometer@0.1.4
21 silly currentTree ├── sprintf-js@1.0.3
21 silly currentTree ├─┬ sshpk@1.10.1
21 silly currentTree │ └── assert-plus@1.0.0
21 silly currentTree ├─┬ static-eval@0.2.4
21 silly currentTree │ ├── escodegen@0.0.28
21 silly currentTree │ ├── esprima@1.0.4
21 silly currentTree │ └── estraverse@1.3.2
21 silly currentTree ├─┬ static-module@1.5.0
21 silly currentTree │ ├── acorn@5.2.1
21 silly currentTree │ ├─┬ concat-stream@1.6.0
21 silly currentTree │ │ └── readable-stream@2.3.3
21 silly currentTree │ ├─┬ duplexer2@0.0.2
21 silly currentTree │ │ ├── isarray@0.0.1
21 silly currentTree │ │ ├── readable-stream@1.1.14
21 silly currentTree │ │ └── string_decoder@0.10.31
21 silly currentTree │ ├─┬ falafel@2.1.0
21 silly currentTree │ │ └── isarray@0.0.1
21 silly currentTree │ ├── object-inspect@0.4.0
21 silly currentTree │ ├─┬ readable-stream@1.0.34
21 silly currentTree │ │ ├── isarray@0.0.1
21 silly currentTree │ │ └── string_decoder@0.10.31
21 silly currentTree │ ├── string_decoder@1.0.3
21 silly currentTree │ ├── through2@0.4.2
21 silly currentTree │ └─┬ xtend@2.1.2
21 silly currentTree │   └── object-keys@0.4.0
21 silly currentTree ├── statuses@1.3.0
21 silly currentTree ├── stream-buffers@2.2.0
21 silly currentTree ├── stream-consume@0.1.0
21 silly currentTree ├── string_decoder@0.10.31
21 silly currentTree ├── string-width@1.0.2
21 silly currentTree ├── string.prototype.trim@1.1.2
21 silly currentTree ├── string2compact@1.2.2
21 silly currentTree ├── stringstream@0.0.5
21 silly currentTree ├── strip-ansi@3.0.1
21 silly currentTree ├── strip-bom@2.0.0
21 silly currentTree ├── strip-indent@1.0.1
21 silly currentTree ├── strip-json-comments@0.1.3
21 silly currentTree ├── supports-color@2.0.0
21 silly currentTree ├── surface-nets@1.0.2
21 silly currentTree ├── tape@4.6.2
21 silly currentTree ├── tar@2.2.1
21 silly currentTree ├── taskgroup@4.3.1
21 silly currentTree ├─┬ temp@0.8.3
21 silly currentTree │ └── rimraf@2.2.8
21 silly currentTree ├── text-cache@4.1.0
21 silly currentTree ├── thirty-two@1.0.2
21 silly currentTree ├── through@2.3.8
21 silly currentTree ├─┬ through2@0.6.5
21 silly currentTree │ ├── isarray@0.0.1
21 silly currentTree │ └── readable-stream@1.0.34
21 silly currentTree ├── thunky@0.1.0
21 silly currentTree ├── timed-out@3.0.0
21 silly currentTree ├── timers-ext@0.1.0
21 silly currentTree ├── torrent-piece@1.1.0
21 silly currentTree ├─┬ torrent-stream@1.0.0
21 silly currentTree │ ├── bencode@0.7.0
21 silly currentTree │ ├── end-of-stream@0.1.5
21 silly currentTree │ ├── ip@0.3.3
21 silly currentTree │ ├── magnet-uri@4.2.3
21 silly currentTree │ ├── mkdirp@0.3.5
21 silly currentTree │ ├── once@1.3.3
21 silly currentTree │ ├── parse-torrent-file@2.1.4
21 silly currentTree │ ├── parse-torrent@4.1.0
21 silly currentTree │ └── thirty-two@0.0.2
21 silly currentTree ├── torrent-tracker-health@1.0.0
21 silly currentTree ├─┬ torrent-tracker@0.1.0
21 silly currentTree │ └── bencode@0.7.0
21 silly currentTree ├── tough-cookie@2.3.2
21 silly currentTree ├── trakt.tv-ondeck@0.1.0
21 silly currentTree ├── trakt.tv@1.4.2
21 silly currentTree ├── triangulate-hypercube@1.0.1
21 silly currentTree ├── triangulate-polyline@1.0.3
21 silly currentTree ├── trim-newlines@1.0.0
21 silly currentTree ├── tunnel-agent@0.4.3
21 silly currentTree ├── tweetnacl@0.14.3
21 silly currentTree ├── two-product@1.0.2
21 silly currentTree ├── two-sum@1.0.0
21 silly currentTree ├── typechecker@2.1.0
21 silly currentTree ├── typedarray-pool@1.1.0
21 silly currentTree ├── typedarray@0.0.6
21 silly currentTree ├─┬ uglify-js@2.8.29
21 silly currentTree │ ├── camelcase@1.2.1
21 silly currentTree │ ├── source-map@0.5.7
21 silly currentTree │ └── yargs@3.10.0
21 silly currentTree ├── uglify-to-browserify@1.0.2
21 silly currentTree ├── underscore@1.8.3
21 silly currentTree ├── union-find@1.0.2
21 silly currentTree ├── uniq@1.0.1
21 silly currentTree ├── unreachable-branch-transform@0.3.0
21 silly currentTree ├── unzip-response@2.0.1
21 silly currentTree ├── upnp-device-client@1.0.2
21 silly currentTree ├── upnp-mediarenderer-client@1.2.4
21 silly currentTree ├── urijs@1.18.1
21 silly currentTree ├── url-parse-lax@1.0.0
21 silly currentTree ├── util-deprecate@1.0.2
21 silly currentTree ├── utp@0.0.7
21 silly currentTree ├── validate-npm-package-license@3.0.1
21 silly currentTree ├── vectorize-text@3.0.2
21 silly currentTree ├── verror@1.3.6
21 silly currentTree ├── watchr@2.4.13
21 silly currentTree ├── weak-map@1.0.5
21 silly currentTree ├── weakmap-shim@1.1.1
21 silly currentTree ├── websocket-driver@0.6.5
21 silly currentTree ├── websocket-extensions@0.1.1
21 silly currentTree ├── win-release@1.1.1
21 silly currentTree ├── window-size@0.1.0
21 silly currentTree ├── windows-no-runnable@0.0.6
21 silly currentTree ├── wordwrap@0.0.3
21 silly currentTree ├── wrappy@1.0.2
21 silly currentTree ├─┬ xml2js@0.4.16
21 silly currentTree │ ├── lodash@4.16.6
21 silly currentTree │ └── xmlbuilder@4.2.1
21 silly currentTree ├── xmlbuilder@4.0.0
21 silly currentTree ├── xmldom@0.1.22
21 silly currentTree ├─┬ xmlrpc@1.3.2
21 silly currentTree │ └── xmlbuilder@8.2.2
21 silly currentTree ├── xregexp@2.0.0
21 silly currentTree ├── xtend@4.0.1
21 silly currentTree ├── yamljs@0.2.8
21 silly currentTree └── zero-crossings@1.0.1
22 silly idealTree Popcorn-Time@0.3.10
22 silly idealTree ├── abbrev@1.0.9
22 silly idealTree ├── acorn@1.2.2
22 silly idealTree ├── add-line-numbers@1.0.1
22 silly idealTree ├── addr-to-ip-port@1.4.2
22 silly idealTree ├── adm-zip@0.4.7
22 silly idealTree ├── airplay-js@0.2.16
22 silly idealTree ├── airplay-protocol@2.0.2
22 silly idealTree ├── airplayer@2.0.0
22 silly idealTree ├── align-text@0.1.4
22 silly idealTree ├─┬ ambi@2.5.0
22 silly idealTree │ └── typechecker@4.3.0
22 silly idealTree ├── amdefine@1.0.0
22 silly idealTree ├── ansi-regex@2.0.0
22 silly idealTree ├── ansi-styles@2.2.1
22 silly idealTree ├── appendable-cli-menu@2.0.0
22 silly idealTree ├── argparse@1.0.9
22 silly idealTree ├── array-find-index@1.0.2
22 silly idealTree ├── array-flatten@2.1.0
22 silly idealTree ├── asap@2.0.5
22 silly idealTree ├── ascli@0.3.0
22 silly idealTree ├── asn1@0.2.3
22 silly idealTree ├── assert-plus@0.2.0
22 silly idealTree ├── ast-types@0.8.15
22 silly idealTree ├─┬ async@2.1.2
22 silly idealTree │ └── lodash@4.16.6
22 silly idealTree ├── asynckit@0.4.0
22 silly idealTree ├── atob-lite@1.0.0
22 silly idealTree ├── aws-sign@0.2.0
22 silly idealTree ├── aws-sign2@0.6.0
22 silly idealTree ├── aws4@1.5.0
22 silly idealTree ├── axios@0.11.1
22 silly idealTree ├── balanced-match@0.4.2
22 silly idealTree ├── base62@0.1.1
22 silly idealTree ├── base64-js@0.0.8
22 silly idealTree ├── bcrypt-pbkdf@1.0.0
22 silly idealTree ├── bencode@0.10.0
22 silly idealTree ├── better-curry@1.6.0
22 silly idealTree ├── big-integer@1.6.16
22 silly idealTree ├─┬ big-rat@1.0.4
22 silly idealTree │ └── bn.js@4.11.8
22 silly idealTree ├── binary-search-bounds@2.0.3
22 silly idealTree ├─┬ binary-search-tree@0.2.5
22 silly idealTree │ └── underscore@1.4.4
22 silly idealTree ├── bit-twiddle@1.0.2
22 silly idealTree ├── bitfield@0.1.0
22 silly idealTree ├─┬ bittorrent-dht@6.4.2
22 silly idealTree │ └── bencode@0.7.0
22 silly idealTree ├─┬ bittorrent-tracker@2.12.1
22 silly idealTree │ ├── bencode@0.6.0
22 silly idealTree │ ├── ip@0.3.3
22 silly idealTree │ ├── simple-get@1.4.3
22 silly idealTree │ └── unzip-response@1.0.2
22 silly idealTree ├── bl@1.1.2
22 silly idealTree ├── blob-to-buffer@1.2.6
22 silly idealTree ├── block-stream@0.0.9
22 silly idealTree ├── bluebird@3.4.6
22 silly idealTree ├── bn.js@1.3.0
22 silly idealTree ├── bncode@0.5.3
22 silly idealTree ├── bonjour@3.5.0
22 silly idealTree ├── boolbase@1.0.0
22 silly idealTree ├── boom@2.10.1
22 silly idealTree ├── box-intersect@1.0.1
22 silly idealTree ├── bplist-creator@0.0.6
22 silly idealTree ├── bplist-parser@0.1.1
22 silly idealTree ├── brace-expansion@1.1.6
22 silly idealTree ├── buffer-equal@0.0.1
22 silly idealTree ├── buffer-equals@1.0.4
22 silly idealTree ├── buffer-indexof@1.1.0
22 silly idealTree ├── bufferview@1.0.1
22 silly idealTree ├── builtin-modules@1.1.1
22 silly idealTree ├─┬ butter-provider-anime@1.0.0
22 silly idealTree │ ├─┬ butter-provider@0.3.1
22 silly idealTree │ │ └── lodash@3.10.1
22 silly idealTree │ ├── lodash@4.16.6
22 silly idealTree │ ├── memoizee@0.3.10
22 silly idealTree │ └── q@1.4.1
22 silly idealTree ├─┬ butter-provider-movies@1.0.2
22 silly idealTree │ ├─┬ butter-provider@0.3.1
22 silly idealTree │ │ └── lodash@3.10.1
22 silly idealTree │ ├── lodash@4.16.6
22 silly idealTree │ ├── memoizee@0.3.10
22 silly idealTree │ └── q@1.4.1
22 silly idealTree ├─┬ butter-provider-tvapi@0.1.0
22 silly idealTree │ ├── butter-provider@0.3.1
22 silly idealTree │ ├── memoizee@0.3.10
22 silly idealTree │ └── q@1.4.1
22 silly idealTree ├─┬ butter-provider-vodo@0.2.1
22 silly idealTree │ └── q@1.4.1
22 silly idealTree ├─┬ butter-provider@0.4.0
22 silly idealTree │ └── memoizee@0.3.10
22 silly idealTree ├── butter-sanitize@0.1.1
22 silly idealTree ├── butter-settings-popcorntime.io@0.0.1
22 silly idealTree ├── bytebuffer@3.5.5
22 silly idealTree ├── camelcase-keys@2.1.0
22 silly idealTree ├── camelcase@2.1.1
22 silly idealTree ├── capture-stack-trace@1.0.0
22 silly idealTree ├── caseless@0.11.0
22 silly idealTree ├── castv2-client@1.1.2
22 silly idealTree ├── castv2@0.1.9
22 silly idealTree ├── cdt2d@1.0.0
22 silly idealTree ├── center-align@0.1.3
22 silly idealTree ├── chalk@1.1.3
22 silly idealTree ├── cheerio@0.22.0
22 silly idealTree ├── chromecasts@1.9.0
22 silly idealTree ├── clean-pslg@1.1.2
22 silly idealTree ├── cli-width@1.1.1
22 silly idealTree ├─┬ cliui@2.1.0
22 silly idealTree │ └── wordwrap@0.0.2
22 silly idealTree ├── clivas@0.1.4
22 silly idealTree ├── code-point-at@1.0.1
22 silly idealTree ├── colors@0.6.2
22 silly idealTree ├── colour@0.7.1
22 silly idealTree ├── combined-stream@1.0.5
22 silly idealTree ├── commander@2.9.0
22 silly idealTree ├── compact2string@1.4.0
22 silly idealTree ├── compare-angle@1.0.1
22 silly idealTree ├── concat-map@0.0.1
22 silly idealTree ├── concat-stream@1.5.2
22 silly idealTree ├── consume-http-header@1.0.0
22 silly idealTree ├── consume-until@1.0.0
22 silly idealTree ├── cookie-jar@0.2.0
22 silly idealTree ├── core-util-is@1.0.2
22 silly idealTree ├── create-error-class@3.0.2
22 silly idealTree ├── cryptiles@2.0.5
22 silly idealTree ├── csextends@1.0.3
22 silly idealTree ├── css-select@1.2.0
22 silly idealTree ├── css-what@2.1.0
22 silly idealTree ├── currently-unhandled@0.4.1
22 silly idealTree ├── cwise-compiler@1.1.3
22 silly idealTree ├─┬ cwise-parser@1.0.3
22 silly idealTree │ └── esprima@1.2.5
22 silly idealTree ├── cwise@1.0.10
22 silly idealTree ├── cyclist@0.1.1
22 silly idealTree ├── d@0.1.1
22 silly idealTree ├─┬ dashdash@1.14.0
22 silly idealTree │ └── assert-plus@1.0.0
22 silly idealTree ├── debug@2.2.0
22 silly idealTree ├── decamelize@1.2.0
22 silly idealTree ├── deep-equal@1.0.1
22 silly idealTree ├── deep-extend@0.2.11
22 silly idealTree ├── defer-request@0.0.2
22 silly idealTree ├── define-properties@1.1.2
22 silly idealTree ├── defined@1.0.0
22 silly idealTree ├── delayed-stream@1.0.0
22 silly idealTree ├── depd@1.1.0
22 silly idealTree ├── destroy@1.0.4
22 silly idealTree ├── dlnacasts@0.1.0
22 silly idealTree ├── dns-equal@1.0.0
22 silly idealTree ├── dns-packet@1.1.0
22 silly idealTree ├── dns-txt@2.0.2
22 silly idealTree ├─┬ dom-serializer@0.1.0
22 silly idealTree │ └── domelementtype@1.1.3
22 silly idealTree ├── domelementtype@1.3.0
22 silly idealTree ├── domhandler@2.3.0
22 silly idealTree ├── domutils@1.5.1
22 silly idealTree ├── double-bits@1.1.1
22 silly idealTree ├── dup@1.0.0
22 silly idealTree ├── duplexer2@0.1.4
22 silly idealTree ├── eachr@2.0.4
22 silly idealTree ├── ecc-jsbn@0.1.1
22 silly idealTree ├── edges-to-adjacency-list@1.0.0
22 silly idealTree ├── editions@1.3.1
22 silly idealTree ├── ee-first@1.1.1
22 silly idealTree ├─┬ elementtree@0.1.6
22 silly idealTree │ └── sax@0.3.5
22 silly idealTree ├── encodeurl@1.0.1
22 silly idealTree ├─┬ end-of-stream@1.0.0
22 silly idealTree │ └── once@1.3.3
22 silly idealTree ├── entities@1.1.1
22 silly idealTree ├── error-ex@1.3.0
22 silly idealTree ├── es-abstract@1.6.1
22 silly idealTree ├── es-to-primitive@1.1.1
22 silly idealTree ├── es3ify@0.1.4
22 silly idealTree ├── es5-ext@0.10.12
22 silly idealTree ├── es5class@2.3.1
22 silly idealTree ├── es6-iterator@2.0.0
22 silly idealTree ├── es6-object-assign@1.0.3
22 silly idealTree ├── es6-symbol@3.1.0
22 silly idealTree ├─┬ es6-weak-map@0.1.4
22 silly idealTree │ ├── es6-iterator@0.1.3
22 silly idealTree │ └── es6-symbol@2.0.1
22 silly idealTree ├── escape-html@1.0.3
22 silly idealTree ├── escape-string-regexp@1.0.5
22 silly idealTree ├─┬ escodegen@1.3.3
22 silly idealTree │ ├── esprima@1.1.1
22 silly idealTree │ └── source-map@0.1.43
22 silly idealTree ├── esmangle-evaluator@1.0.1
22 silly idealTree ├── esprima-fb@3001.1.0-dev-harmony-fb
22 silly idealTree ├── estraverse@1.5.1
22 silly idealTree ├── esutils@1.0.0
22 silly idealTree ├── etag@1.7.0
22 silly idealTree ├── event-emitter@0.3.4
22 silly idealTree ├── eventemitter3@1.2.0
22 silly idealTree ├── events@1.1.1
22 silly idealTree ├── extend.js@0.0.2
22 silly idealTree ├── extend@3.0.0
22 silly idealTree ├─┬ extendr@2.1.0
22 silly idealTree │ └── typechecker@2.0.8
22 silly idealTree ├─┬ extract-opts@2.2.0
22 silly idealTree │ └── typechecker@2.0.8
22 silly idealTree ├── extsprintf@1.0.2
22 silly idealTree ├─┬ falafel@1.2.0
22 silly idealTree │ └── isarray@0.0.1
22 silly idealTree ├── faye-websocket@0.11.0
22 silly idealTree ├── fifo@0.1.4
22 silly idealTree ├── figures@1.7.0
22 silly idealTree ├── find-up@1.1.2
22 silly idealTree ├─┬ findup@0.1.5
22 silly idealTree │ └── commander@2.1.0
22 silly idealTree ├── flatten@0.0.1
22 silly idealTree ├── follow-redirects@0.0.7
22 silly idealTree ├── foreach@2.0.5
22 silly idealTree ├── forever-agent@0.6.1
22 silly idealTree ├── form-data@2.1.1
22 silly idealTree ├── fresh@0.3.0
22 silly idealTree ├─┬ fs-chunk-store@1.6.4
22 silly idealTree │ ├── random-access-file@1.3.1
22 silly idealTree │ └── thunky@1.0.1
22 silly idealTree ├── fs.realpath@1.0.0
22 silly idealTree ├── fstream@1.0.10
22 silly idealTree ├── function-bind@1.1.0
22 silly idealTree ├── functional-red-black-tree@1.0.1
22 silly idealTree ├── gamma@0.1.0
22 silly idealTree ├── generate-function@2.0.0
22 silly idealTree ├── generate-object-property@1.2.0
22 silly idealTree ├── get-stdin@4.0.1
22 silly idealTree ├─┬ getpass@0.1.6
22 silly idealTree │ └── assert-plus@1.0.0
22 silly idealTree ├── gitlab@1.4.1
22 silly idealTree ├── gl-buffer@2.1.2
22 silly idealTree ├── gl-constants@1.0.0
22 silly idealTree ├── gl-fbo@2.0.5
22 silly idealTree ├── gl-format-compiler-error@1.0.3
22 silly idealTree ├── gl-plot2d@1.2.0
22 silly idealTree ├── gl-select-static@2.0.2
22 silly idealTree ├── gl-shader@4.2.1
22 silly idealTree ├── gl-texture2d@2.1.0
22 silly idealTree ├── glob@7.1.1
22 silly idealTree ├── glsl-inject-defines@1.0.3
22 silly idealTree ├── glsl-inverse@1.0.0
22 silly idealTree ├─┬ glsl-resolve@0.0.1
22 silly idealTree │ ├── resolve@0.6.3
22 silly idealTree │ └── xtend@2.2.0
22 silly idealTree ├── glsl-shader-name@1.0.0
22 silly idealTree ├── glsl-token-assignments@2.0.2
22 silly idealTree ├── glsl-token-defines@1.0.0
22 silly idealTree ├── glsl-token-depth@1.1.2
22 silly idealTree ├── glsl-token-descope@1.0.2
22 silly idealTree ├── glsl-token-inject-block@1.1.0
22 silly idealTree ├── glsl-token-properties@1.0.1
22 silly idealTree ├── glsl-token-scope@1.1.2
22 silly idealTree ├── glsl-token-string@1.0.1
22 silly idealTree ├── glsl-tokenizer@2.1.2
22 silly idealTree ├── glslify-bundle@2.0.4
22 silly idealTree ├── glslify-deps@1.3.0
22 silly idealTree ├─┬ glslify@2.3.1
22 silly idealTree │ ├── bl@0.9.5
22 silly idealTree │ ├── isarray@0.0.1
22 silly idealTree │ └── readable-stream@1.0.34
22 silly idealTree ├─┬ got@5.7.0
22 silly idealTree │ └── unzip-response@1.0.2
22 silly idealTree ├── graceful-fs@4.1.9
22 silly idealTree ├── graceful-readlink@1.0.1
22 silly idealTree ├── har-validator@2.0.6
22 silly idealTree ├── has-ansi@2.0.0
22 silly idealTree ├── has@1.0.1
22 silly idealTree ├── hat@0.0.3
22 silly idealTree ├── hawk@3.1.3
22 silly idealTree ├── hoek@2.16.3
22 silly idealTree ├── hosted-git-info@2.1.5
22 silly idealTree ├── htmlparser2@3.9.2
22 silly idealTree ├─┬ http-errors@1.5.0
22 silly idealTree │ └── inherits@2.0.1
22 silly idealTree ├── http-headers@3.0.1
22 silly idealTree ├── http-signature@1.1.1
22 silly idealTree ├── i18n@0.8.3
22 silly idealTree ├── iconv-lite@0.4.13
22 silly idealTree ├── ignorefs@1.1.1
22 silly idealTree ├── ignorepatterns@1.1.0
22 silly idealTree ├── immediate-chunk-store@1.0.8
22 silly idealTree ├── immediate@3.0.6
22 silly idealTree ├── indent-string@2.1.0
22 silly idealTree ├── inflight@1.0.6
22 silly idealTree ├── inherits@2.0.3
22 silly idealTree ├── ini@1.1.0
22 silly idealTree ├── inline-process-browser@1.0.0
22 silly idealTree ├─┬ inquirer@0.8.5
22 silly idealTree │ └── ansi-regex@1.1.1
22 silly idealTree ├── internal-ip@1.2.0
22 silly idealTree ├─┬ interval-tree-1d@1.0.3
22 silly idealTree │ └── binary-search-bounds@1.0.0
22 silly idealTree ├── invert-permutation@1.0.0
22 silly idealTree ├── iota-array@1.0.0
22 silly idealTree ├── ip-set@1.0.1
22 silly idealTree ├── ip@1.1.4
22 silly idealTree ├── ipaddr.js@1.2.0
22 silly idealTree ├── is-arrayish@0.2.1
22 silly idealTree ├── is-buffer@1.1.6
22 silly idealTree ├── is-builtin-module@1.0.0
22 silly idealTree ├── is-callable@1.1.3
22 silly idealTree ├── is-date-object@1.0.1
22 silly idealTree ├── is-finite@1.0.2
22 silly idealTree ├── is-fullwidth-code-point@1.0.0
22 silly idealTree ├── is-my-json-valid@2.15.0
22 silly idealTree ├── is-promise@2.1.0
22 silly idealTree ├── is-property@1.0.2
22 silly idealTree ├── is-redirect@1.0.0
22 silly idealTree ├── is-regex@1.0.3
22 silly idealTree ├── is-retry-allowed@1.1.0
22 silly idealTree ├── is-stream@1.1.0
22 silly idealTree ├── is-symbol@1.0.1
22 silly idealTree ├── is-typedarray@1.0.0
22 silly idealTree ├── is-utf8@0.2.1
22 silly idealTree ├── isarray@1.0.0
22 silly idealTree ├── isstream@0.1.2
22 silly idealTree ├── jodid25519@1.0.2
22 silly idealTree ├── jsbn@0.1.0
22 silly idealTree ├── jschardet@1.4.1
22 silly idealTree ├── json-rpc2@1.0.2
22 silly idealTree ├── json-schema@0.2.3
22 silly idealTree ├── json-stringify-safe@5.0.1
22 silly idealTree ├── jsonparse@1.2.0
22 silly idealTree ├── jsonpointer@4.0.0
22 silly idealTree ├── jsprim@1.3.1
22 silly idealTree ├── jstransform@3.0.0
22 silly idealTree ├── jszip@2.6.0
22 silly idealTree ├── k-bucket@0.6.0
22 silly idealTree ├── k-rpc-socket@1.6.0
22 silly idealTree ├─┬ k-rpc@3.7.0
22 silly idealTree │ └── k-bucket@2.0.1
22 silly idealTree ├── kat-api@0.0.3
22 silly idealTree ├── keypress@0.2.1
22 silly idealTree ├── kind-of@3.2.2
22 silly idealTree ├── lazy-cache@1.0.4
22 silly idealTree ├── lie@3.0.2
22 silly idealTree ├── load-json-file@1.1.0
22 silly idealTree ├── localforage@1.4.3
22 silly idealTree ├── lodash._getnative@3.9.1
22 silly idealTree ├── lodash.assignin@4.2.0
22 silly idealTree ├── lodash.bind@4.2.1
22 silly idealTree ├── lodash.debounce@3.1.1
22 silly idealTree ├── lodash.defaults@4.2.0
22 silly idealTree ├── lodash.filter@4.6.0
22 silly idealTree ├── lodash.flatten@4.4.0
22 silly idealTree ├── lodash.foreach@4.5.0
22 silly idealTree ├── lodash.map@4.6.0
22 silly idealTree ├── lodash.merge@4.6.0
22 silly idealTree ├── lodash.pick@4.4.0
22 silly idealTree ├── lodash.reduce@4.6.0
22 silly idealTree ├── lodash.reject@4.6.0
22 silly idealTree ├── lodash.some@4.6.0
22 silly idealTree ├── lodash@3.10.1
22 silly idealTree ├── long@2.4.0
22 silly idealTree ├── longest@1.0.1
22 silly idealTree ├── loud-rejection@1.6.0
22 silly idealTree ├── lowercase-keys@1.0.0
22 silly idealTree ├── lru-queue@0.1.0
22 silly idealTree ├── lru@2.0.1
22 silly idealTree ├── macos-release@1.0.0
22 silly idealTree ├── magnet-uri@5.1.4
22 silly idealTree ├── make-plural@3.0.6
22 silly idealTree ├─┬ map-limit@0.0.1
22 silly idealTree │ └── once@1.3.3
22 silly idealTree ├── map-obj@1.0.1
22 silly idealTree ├─┬ markdown@0.5.0
22 silly idealTree │ └── nopt@2.1.2
22 silly idealTree ├── math-interval-parser@1.1.0
22 silly idealTree ├── mdns-js-packet@0.2.0
22 silly idealTree ├─┬ mdns-js@0.5.0
22 silly idealTree │ └── semver@5.1.1
22 silly idealTree ├─┬ memoizee@0.4.1
22 silly idealTree │ ├── d@1.0.0
22 silly idealTree │ ├─┬ es6-weak-map@2.0.1
22 silly idealTree │ │ └── d@0.1.1
22 silly idealTree │ └── next-tick@1.0.0
22 silly idealTree ├── meow@3.7.0
22 silly idealTree ├─┬ messageformat@0.3.1
22 silly idealTree │ ├── async@1.5.2
22 silly idealTree │ └── glob@6.0.4
22 silly idealTree ├── mime-db@1.24.0
22 silly idealTree ├── mime-types@2.1.12
22 silly idealTree ├── mime@1.3.4
22 silly idealTree ├── minimatch@3.0.3
22 silly idealTree ├── minimist@1.2.0
22 silly idealTree ├─┬ mkdirp@0.5.1
22 silly idealTree │ └── minimist@0.0.8
22 silly idealTree ├── moment@2.15.2
22 silly idealTree ├── ms@0.7.1
22 silly idealTree ├── multicast-dns-service-types@1.1.0
22 silly idealTree ├── multicast-dns@6.1.0
22 silly idealTree ├── mustache@2.2.1
22 silly idealTree ├── mute-stream@0.0.4
22 silly idealTree ├─┬ mv@2.1.1
22 silly idealTree │ ├── glob@6.0.4
22 silly idealTree │ └── rimraf@2.4.5
22 silly idealTree ├── ncp@2.0.0
22 silly idealTree ├── ndarray-extract-contour@1.0.1
22 silly idealTree ├── ndarray-ops@1.2.2
22 silly idealTree ├── ndarray@1.0.18
22 silly idealTree ├─┬ nedb@1.8.0
22 silly idealTree │ ├── async@0.2.10
22 silly idealTree │ └── underscore@1.4.4
22 silly idealTree ├── network-address@1.1.0
22 silly idealTree ├── next-line@1.1.0
22 silly idealTree ├── next-tick@0.2.2
22 silly idealTree ├── nextafter@1.0.0
22 silly idealTree ├── node-captions@0.4.6
22 silly idealTree ├── node-ssdp@2.9.0
22 silly idealTree ├── node-status-codes@1.0.0
22 silly idealTree ├─┬ node-tvdb@1.6.7
22 silly idealTree │ ├── form-data@1.0.1
22 silly idealTree │ ├── qs@6.1.0
22 silly idealTree │ ├── request@2.71.0
22 silly idealTree │ └── tough-cookie@2.2.2
22 silly idealTree ├── node-uuid@1.4.7
22 silly idealTree ├── node-webkit-fdialogs@0.2.7
22 silly idealTree ├── nopt@3.0.6
22 silly idealTree ├── normalize-package-data@2.3.5
22 silly idealTree ├── nth-check@1.0.1
22 silly idealTree ├── number-is-nan@1.0.1
22 silly idealTree ├── numeral@1.5.3
22 silly idealTree ├── oauth-sign@0.8.2
22 silly idealTree ├── object-assign@4.1.0
22 silly idealTree ├── object-inspect@1.2.1
22 silly idealTree ├── object-keys@1.0.11
22 silly idealTree ├── on-finished@2.3.0
22 silly idealTree ├── once@1.4.0
22 silly idealTree ├── open@0.0.5
22 silly idealTree ├─┬ opensubtitles-api@3.3.0
22 silly idealTree │ └── lodash@4.16.6
22 silly idealTree ├─┬ optimist@0.6.1
22 silly idealTree │ └── minimist@0.0.10
22 silly idealTree ├── optjs@3.2.2
22 silly idealTree ├── os-name@2.0.1
22 silly idealTree ├── os-tmpdir@1.0.2
22 silly idealTree ├── pad-left@1.0.2
22 silly idealTree ├── pako@1.0.3
22 silly idealTree ├── parse-json@2.2.0
22 silly idealTree ├── parse-torrent-file@4.0.0
22 silly idealTree ├─┬ parse-torrent@5.8.1
22 silly idealTree │ └── get-stdin@5.0.1
22 silly idealTree ├── path-exists@2.1.0
22 silly idealTree ├── path-is-absolute@1.0.1
22 silly idealTree ├── path-type@1.1.0
22 silly idealTree ├─┬ peer-wire-protocol@0.7.0
22 silly idealTree │ ├── bncode@0.2.3
22 silly idealTree │ ├── isarray@0.0.1
22 silly idealTree │ └── readable-stream@1.1.14
22 silly idealTree ├── peer-wire-swarm@0.12.1
22 silly idealTree ├─┬ peerflix@0.32.4
22 silly idealTree │ └── network-address@0.0.5
22 silly idealTree ├── permutation-parity@1.0.0
22 silly idealTree ├── permutation-rank@1.0.0
22 silly idealTree ├── pify@2.3.0
22 silly idealTree ├── pinkie-promise@2.0.1
22 silly idealTree ├── pinkie@2.0.4
22 silly idealTree ├── planar-dual@1.0.2
22 silly idealTree ├── planar-graph-to-polyline@1.0.5
22 silly idealTree ├── plist@1.2.0
22 silly idealTree ├── plotly@1.0.6
22 silly idealTree ├─┬ point-in-big-polygon@2.0.0
22 silly idealTree │ └── binary-search-bounds@1.0.0
22 silly idealTree ├── pop-iterate@1.0.1
22 silly idealTree ├─┬ popcorn-txt-api@0.0.5
22 silly idealTree │ └── q@1.4.1
22 silly idealTree ├─┬ portfinder@0.3.0
22 silly idealTree │ └── mkdirp@0.0.7
22 silly idealTree ├── prepend-http@1.0.4
22 silly idealTree ├── private@0.1.6
22 silly idealTree ├── process-nextick-args@1.0.7
22 silly idealTree ├── protobufjs@3.8.2
22 silly idealTree ├─┬ pump@0.3.5
22 silly idealTree │ └── once@1.2.0
22 silly idealTree ├── punycode@1.4.1
22 silly idealTree ├── q@2.0.3
22 silly idealTree ├── qap@3.1.3
22 silly idealTree ├── qs@6.3.0
22 silly idealTree ├── querystring@0.2.0
22 silly idealTree ├─┬ quote-stream@0.0.0
22 silly idealTree │ ├── isarray@0.0.1
22 silly idealTree │ ├── minimist@0.0.8
22 silly idealTree │ ├── object-keys@0.4.0
22 silly idealTree │ ├── readable-stream@1.0.34
22 silly idealTree │ ├── through2@0.4.2
22 silly idealTree │ └── xtend@2.1.2
22 silly idealTree ├── random-access-file@0.3.2
22 silly idealTree ├── randombytes@2.0.3
22 silly idealTree ├── range-parser@1.2.0
22 silly idealTree ├── rarbg-api@0.0.1
22 silly idealTree ├── rat-vec@1.1.1
22 silly idealTree ├─┬ rc@0.4.0
22 silly idealTree │ └── minimist@0.0.10
22 silly idealTree ├── read-all-stream@3.1.0
22 silly idealTree ├── read-pkg-up@1.0.1
22 silly idealTree ├── read-pkg@1.1.0
22 silly idealTree ├─┬ read-torrent@1.3.0
22 silly idealTree │ ├── async@0.2.10
22 silly idealTree │ ├── bencode@0.7.0
22 silly idealTree │ ├── boom@0.3.8
22 silly idealTree │ ├── combined-stream@0.0.7
22 silly idealTree │ ├── cryptiles@0.1.3
22 silly idealTree │ ├── delayed-stream@0.0.5
22 silly idealTree │ ├── forever-agent@0.2.0
22 silly idealTree │ ├── form-data@0.0.10
22 silly idealTree │ ├── hawk@0.10.2
22 silly idealTree │ ├── hoek@0.7.6
22 silly idealTree │ ├── json-stringify-safe@3.0.0
22 silly idealTree │ ├── magnet-uri@2.0.1
22 silly idealTree │ ├── mime@1.2.11
22 silly idealTree │ ├── oauth-sign@0.2.0
22 silly idealTree │ ├── parse-torrent-file@2.1.4
22 silly idealTree │ ├─┬ parse-torrent@4.1.0
22 silly idealTree │ │ └── magnet-uri@4.2.3
22 silly idealTree │ ├── qs@0.5.6
22 silly idealTree │ ├── request@2.16.6
22 silly idealTree │ ├── sntp@0.1.4
22 silly idealTree │ ├── thirty-two@0.0.2
22 silly idealTree │ └── tunnel-agent@0.2.0
22 silly idealTree ├── readable-stream@2.0.6
22 silly idealTree ├── readdirp@2.1.0
22 silly idealTree ├─┬ readline2@0.1.1
22 silly idealTree │ ├── ansi-regex@1.1.1
22 silly idealTree │ └── strip-ansi@2.0.1
22 silly idealTree ├─┬ recast@0.10.43
22 silly idealTree │ ├── esprima-fb@15001.1001.0-dev-harmony-fb
22 silly idealTree │ └── source-map@0.5.6
22 silly idealTree ├── redent@1.0.0
22 silly idealTree ├── repeat-string@1.6.1
22 silly idealTree ├── repeating@2.0.1
22 silly idealTree ├── request@2.76.0
22 silly idealTree ├── resolve@1.1.7
22 silly idealTree ├── resumer@0.0.0
22 silly idealTree ├── reverse-http@1.2.0
22 silly idealTree ├── right-align@0.1.3
22 silly idealTree ├── rimraf@2.5.4
22 silly idealTree ├── robust-in-sphere@1.1.3
22 silly idealTree ├── robust-orientation@1.1.3
22 silly idealTree ├── robust-product@1.0.0
22 silly idealTree ├── robust-scale@1.0.2
22 silly idealTree ├── robust-segment-intersect@1.0.1
22 silly idealTree ├── robust-subtract@1.0.0
22 silly idealTree ├── robust-sum@1.0.0
22 silly idealTree ├── run-parallel@1.1.6
22 silly idealTree ├── run-series@1.1.4
22 silly idealTree ├── rusha@0.8.4
22 silly idealTree ├── rx@2.5.3
22 silly idealTree ├── safe-buffer@5.1.1
22 silly idealTree ├── safefs@3.2.2
22 silly idealTree ├── sanitizer@0.1.3
22 silly idealTree ├── sax@1.2.1
22 silly idealTree ├── scandirectory@2.5.0
22 silly idealTree ├── semver@5.3.0
22 silly idealTree ├── send@0.14.1
22 silly idealTree ├── server-destroy@1.0.1
22 silly idealTree ├── set-immediate-shim@1.0.1
22 silly idealTree ├── setprototypeof@1.0.1
22 silly idealTree ├── shallow-copy@0.0.1
22 silly idealTree ├── signal-exit@3.0.1
22 silly idealTree ├── signum@0.0.0
22 silly idealTree ├── simple-concat@1.0.0
22 silly idealTree ├── simple-get@2.3.0
22 silly idealTree ├── simple-sha1@2.0.8
22 silly idealTree ├─┬ simplicial-complex@0.3.3
22 silly idealTree │ ├── bit-twiddle@0.0.2
22 silly idealTree │ └── union-find@0.0.4
22 silly idealTree ├── simplify-planar-graph@2.0.1
22 silly idealTree ├── single-line-log@1.1.2
22 silly idealTree ├─┬ slab-decomposition@1.0.2
22 silly idealTree │ └── binary-search-bounds@1.0.0
22 silly idealTree ├── slumber@0.10.1
22 silly idealTree ├── sntp@1.0.9
22 silly idealTree ├── source-map@0.1.31
22 silly idealTree ├── spdx-correct@1.0.2
22 silly idealTree ├── spdx-expression-parse@1.0.4
22 silly idealTree ├── spdx-license-ids@1.2.2
22 silly idealTree ├── speedometer@0.1.4
22 silly idealTree ├── sprintf-js@1.0.3
22 silly idealTree ├─┬ sshpk@1.10.1
22 silly idealTree │ └── assert-plus@1.0.0
22 silly idealTree ├─┬ static-eval@0.2.4
22 silly idealTree │ ├── escodegen@0.0.28
22 silly idealTree │ ├── esprima@1.0.4
22 silly idealTree │ └── estraverse@1.3.2
22 silly idealTree ├─┬ static-module@1.5.0
22 silly idealTree │ ├── acorn@5.2.1
22 silly idealTree │ ├─┬ concat-stream@1.6.0
22 silly idealTree │ │ └── readable-stream@2.3.3
22 silly idealTree │ ├─┬ duplexer2@0.0.2
22 silly idealTree │ │ ├── isarray@0.0.1
22 silly idealTree │ │ ├── readable-stream@1.1.14
22 silly idealTree │ │ └── string_decoder@0.10.31
22 silly idealTree │ ├─┬ falafel@2.1.0
22 silly idealTree │ │ └── isarray@0.0.1
22 silly idealTree │ ├── object-inspect@0.4.0
22 silly idealTree │ ├─┬ readable-stream@1.0.34
22 silly idealTree │ │ ├── isarray@0.0.1
22 silly idealTree │ │ └── string_decoder@0.10.31
22 silly idealTree │ ├── string_decoder@1.0.3
22 silly idealTree │ ├── through2@0.4.2
22 silly idealTree │ └─┬ xtend@2.1.2
22 silly idealTree │   └── object-keys@0.4.0
22 silly idealTree ├── statuses@1.3.0
22 silly idealTree ├── stream-buffers@2.2.0
22 silly idealTree ├── stream-consume@0.1.0
22 silly idealTree ├── string_decoder@0.10.31
22 silly idealTree ├── string-width@1.0.2
22 silly idealTree ├── string.prototype.trim@1.1.2
22 silly idealTree ├── string2compact@1.2.2
22 silly idealTree ├── stringstream@0.0.5
22 silly idealTree ├── strip-ansi@3.0.1
22 silly idealTree ├── strip-bom@2.0.0
22 silly idealTree ├── strip-indent@1.0.1
22 silly idealTree ├── strip-json-comments@0.1.3
22 silly idealTree ├── supports-color@2.0.0
22 silly idealTree ├── surface-nets@1.0.2
22 silly idealTree ├── tape@4.6.2
22 silly idealTree ├── tar@2.2.1
22 silly idealTree ├── taskgroup@4.3.1
22 silly idealTree ├─┬ temp@0.8.3
22 silly idealTree │ └── rimraf@2.2.8
22 silly idealTree ├── text-cache@4.1.0
22 silly idealTree ├── thirty-two@1.0.2
22 silly idealTree ├── through@2.3.8
22 silly idealTree ├─┬ through2@0.6.5
22 silly idealTree │ ├── isarray@0.0.1
22 silly idealTree │ └── readable-stream@1.0.34
22 silly idealTree ├── thunky@0.1.0
22 silly idealTree ├── timed-out@3.0.0
22 silly idealTree ├── timers-ext@0.1.0
22 silly idealTree ├── torrent-piece@1.1.0
22 silly idealTree ├─┬ torrent-stream@1.0.0
22 silly idealTree │ ├── bencode@0.7.0
22 silly idealTree │ ├── end-of-stream@0.1.5
22 silly idealTree │ ├── ip@0.3.3
22 silly idealTree │ ├── magnet-uri@4.2.3
22 silly idealTree │ ├── mkdirp@0.3.5
22 silly idealTree │ ├── once@1.3.3
22 silly idealTree │ ├── parse-torrent-file@2.1.4
22 silly idealTree │ ├── parse-torrent@4.1.0
22 silly idealTree │ └── thirty-two@0.0.2
22 silly idealTree ├── torrent-tracker-health@1.0.0
22 silly idealTree ├─┬ torrent-tracker@0.1.0
22 silly idealTree │ └── bencode@0.7.0
22 silly idealTree ├── tough-cookie@2.3.2
22 silly idealTree ├── trakt.tv-ondeck@0.1.0
22 silly idealTree ├── trakt.tv@1.4.2
22 silly idealTree ├── triangulate-hypercube@1.0.1
22 silly idealTree ├── triangulate-polyline@1.0.3
22 silly idealTree ├── trim-newlines@1.0.0
22 silly idealTree ├── tunnel-agent@0.4.3
22 silly idealTree ├── tweetnacl@0.14.3
22 silly idealTree ├── two-product@1.0.2
22 silly idealTree ├── two-sum@1.0.0
22 silly idealTree ├── typechecker@2.1.0
22 silly idealTree ├── typedarray-pool@1.1.0
22 silly idealTree ├── typedarray@0.0.6
22 silly idealTree ├─┬ uglify-js@2.8.29
22 silly idealTree │ ├── camelcase@1.2.1
22 silly idealTree │ ├── source-map@0.5.7
22 silly idealTree │ └── yargs@3.10.0
22 silly idealTree ├── uglify-to-browserify@1.0.2
22 silly idealTree ├── underscore@1.8.3
22 silly idealTree ├── union-find@1.0.2
22 silly idealTree ├── uniq@1.0.1
22 silly idealTree ├── unreachable-branch-transform@0.3.0
22 silly idealTree ├── unzip-response@2.0.1
22 silly idealTree ├── upnp-device-client@1.0.2
22 silly idealTree ├── upnp-mediarenderer-client@1.2.4
22 silly idealTree ├── urijs@1.18.1
22 silly idealTree ├── url-parse-lax@1.0.0
22 silly idealTree ├── util-deprecate@1.0.2
22 silly idealTree ├── utp@0.0.7
22 silly idealTree ├── validate-npm-package-license@3.0.1
22 silly idealTree ├── vectorize-text@3.0.2
22 silly idealTree ├── verror@1.3.6
22 silly idealTree ├── watchr@2.4.13
22 silly idealTree ├── weak-map@1.0.5
22 silly idealTree ├── weakmap-shim@1.1.1
22 silly idealTree ├── websocket-driver@0.6.5
22 silly idealTree ├── websocket-extensions@0.1.1
22 silly idealTree ├── win-release@1.1.1
22 silly idealTree ├── window-size@0.1.0
22 silly idealTree ├── windows-no-runnable@0.0.6
22 silly idealTree ├── wordwrap@0.0.3
22 silly idealTree ├── wrappy@1.0.2
22 silly idealTree ├─┬ xml2js@0.4.16
22 silly idealTree │ ├── lodash@4.16.6
22 silly idealTree │ └── xmlbuilder@4.2.1
22 silly idealTree ├── xmlbuilder@4.0.0
22 silly idealTree ├── xmldom@0.1.22
22 silly idealTree ├─┬ xmlrpc@1.3.2
22 silly idealTree │ └── xmlbuilder@8.2.2
22 silly idealTree ├── xregexp@2.0.0
22 silly idealTree ├── xtend@4.0.1
22 silly idealTree ├── yamljs@0.2.8
22 silly idealTree └── zero-crossings@1.0.1
23 silly generateActionsToTake Starting
24 silly install generateActionsToTake
25 silly generateActionsToTake Finishing
26 silly diffTrees action count 0
27 silly decomposeActions action count 0
28 silly runTopLevelLifecycles Starting
29 silly install runPreinstallTopLevelLifecycles
30 silly preinstall Popcorn-Time@0.3.10 /home/moar/Popcorn-Time-b3fd5fbf
31 info lifecycle Popcorn-Time@0.3.10~preinstall: Popcorn-Time@0.3.10
32 silly lifecycle Popcorn-Time@0.3.10~preinstall: no script for preinstall, continuing
33 silly executeActions Starting
34 silly install executeActions
35 silly doSerial global-install 0
36 silly doParallel fetch 0
37 verbose correctMkdir /home/moar/.atom/.apm/_locks correctMkdir not in flight; initializing
38 verbose lock using /home/moar/.atom/.apm/_locks/staging-cf7c508c616c4d03.lock for /home/moar/node_modules/.staging
39 silly doParallel extract 0
40 silly doParallel preinstall 0
41 silly doReverseSerial remove 0
42 silly doSerial move 0
43 silly doSerial finalize 0
44 silly doSerial build 0
45 silly doSerial global-link 0
46 silly doParallel update-linked 0
47 silly doSerial install 0
48 silly doSerial postinstall 0
49 verbose unlock done using /home/moar/.atom/.apm/_locks/staging-cf7c508c616c4d03.lock for /home/moar/node_modules/.staging
50 silly executeActions Finishing
51 silly rollbackFailedOptional Starting
52 silly rollbackFailedOptional Finishing
53 silly install runPostinstallTopLevelLifecycles
54 silly build Popcorn-Time@0.3.10
55 info linkStuff Popcorn-Time@0.3.10
56 silly linkStuff Popcorn-Time@0.3.10 has /home as its parent node_modules
57 verbose linkBins Popcorn-Time@0.3.10
58 verbose linkMans Popcorn-Time@0.3.10
59 silly install Popcorn-Time@0.3.10 /home/moar/Popcorn-Time-b3fd5fbf
60 info lifecycle Popcorn-Time@0.3.10~install: Popcorn-Time@0.3.10
61 silly lifecycle Popcorn-Time@0.3.10~install: no script for install, continuing
62 silly postinstall Popcorn-Time@0.3.10 /home/moar/Popcorn-Time-b3fd5fbf
63 info lifecycle Popcorn-Time@0.3.10~postinstall: Popcorn-Time@0.3.10
64 verbose lifecycle Popcorn-Time@0.3.10~postinstall: unsafe-perm in lifecycle true
65 verbose lifecycle Popcorn-Time@0.3.10~postinstall: PATH: /usr/share/atom/resources/app/apm/node_modules/npm/bin/node-gyp-bin:/home/moar/node_modules/.bin:/usr/share/atom/resources/app/apm/bin:/home/moar/.gvm/bin:/home/moar/.nvm/versions/node/v8.5.0/bin:/usr/local/sbin:/usr/local/bin:/usr/sbin:/usr/bin:/sbin:/bin:/usr/games:/usr/local/games:/usr/local/go/bin:/home/moar/go/bin
66 verbose lifecycle Popcorn-Time@0.3.10~postinstall: CWD: /home/moar
67 silly lifecycle Popcorn-Time@0.3.10~postinstall: Args: [ '-c',
67 silly lifecycle   'bower install --config.interactive=false && npm run postupdate' ]
68 info lifecycle Popcorn-Time@0.3.10~postinstall: Failed to exec postinstall script
69 verbose stack Error: Popcorn-Time@0.3.10 postinstall: `bower install --config.interactive=false && npm run postupdate`
69 verbose stack spawn ENOENT
69 verbose stack     at ChildProcess.<anonymous> (/usr/share/atom/resources/app/apm/node_modules/npm/lib/utils/spawn.js:33:16)
69 verbose stack     at emitTwo (events.js:106:13)
69 verbose stack     at ChildProcess.emit (events.js:191:7)
69 verbose stack     at maybeClose (internal/child_process.js:877:16)
69 verbose stack     at Process.ChildProcess._handle.onexit (internal/child_process.js:226:5)
70 verbose pkgid Popcorn-Time@0.3.10
71 verbose cwd /home/moar/go/src/Golang_RPG
72 error Linux 4.2.0-42-generic
73 error argv "/usr/share/atom/resources/app/apm/bin/node" "/usr/share/atom/resources/app/apm/node_modules/npm/bin/npm-cli.js" "--globalconfig" "/home/moar/.atom/.apm/.apmrc" "--userconfig" "/home/moar/.atom/.apmrc" "install" "--runtime=electron" "--target=1.6.9" "--arch=x64"
74 error node v6.9.5
75 error npm  v3.10.10
76 error file sh
77 error code ELIFECYCLE
78 error errno ENOENT
79 error syscall spawn
80 error Popcorn-Time@0.3.10 postinstall: `bower install --config.interactive=false && npm run postupdate`
80 error spawn ENOENT
81 error Failed at the Popcorn-Time@0.3.10 postinstall script 'bower install --config.interactive=false && npm run postupdate'.
81 error Make sure you have the latest version of node.js and npm installed.
81 error If you do, this is most likely a problem with the Popcorn-Time package,
81 error not with npm itself.
81 error Tell the author that this fails on your system:
81 error     bower install --config.interactive=false && npm run postupdate
81 error You can get information on how to open an issue for this project with:
81 error     npm bugs Popcorn-Time
81 error Or if that isn't available, you can get their info via:
81 error     npm owner ls Popcorn-Time
81 error There is likely additional logging output above.
82 verbose exit [ 1, true ]
